[02:02:01] [ServerMain/INFO]: [bootstrap] Running Java 21 (OpenJDK 64-Bit Server VM 21.0.6+7-Ubuntu-120.04.1; Ubuntu null) on Linux 6.5.0-1025-azure (amd64)
[02:02:01] [ServerMain/INFO]: [bootstrap] Loading Paper 1.21.3-63-master@4190ee7 (2024-11-25T18:59:19Z) for Minecraft 1.21.3
[02:02:01] [ServerMain/INFO]: [PluginInitializerManager] Initializing plugins...
[02:02:02] [ServerMain/INFO]: [PluginInitializerManager] Initialized 3 plugins
[02:02:02] [ServerMain/INFO]: [PluginInitializerManager] Bukkit plugins (3):
 - DeadChest (4.21.1), ItemJoin (6.1.1-RELEASE-b1048), SinglePlayerSleep (1.16_2.13.53)
[02:02:06] [ServerMain/INFO]: Environment: Environment[sessionHost=https://sessionserver.mojang.com, servicesHost=https://api.minecraftservices.com, name=PROD]
[02:02:07] [ServerMain/INFO]: [MCTypeRegistry] Initialising converters for DataConverter...
[02:02:07] [ServerMain/INFO]: [MCTypeRegistry] Finished initialising converters for DataConverter in 391.8ms
[02:02:10] [ServerMain/INFO]: Loaded 1339 recipes
[02:02:10] [ServerMain/INFO]: Loaded 1452 advancements
[02:02:10] [Server thread/INFO]: Starting minecraft server version 1.21.3
[02:02:10] [Server thread/INFO]: Loading properties
[02:02:10] [Server thread/INFO]: This server is running Paper version 1.21.3-63-master@4190ee7 (2024-11-25T18:59:19Z) (Implementing API version 1.21.3-R0.1-SNAPSHOT)
[02:02:11] [Server thread/INFO]: [spark] This server bundles the spark profiler. For more information please visit https://docs.papermc.io/paper/profiling
[02:02:11] [Server thread/INFO]: Server Ping Player Sample Count: 12
[02:02:11] [Server thread/INFO]: Using 4 threads for Netty based IO
[02:02:12] [Server thread/INFO]: [MoonriseCommon] Paper is using 1 worker threads, 1 I/O threads
[02:02:12] [Server thread/INFO]: [ChunkTaskScheduler] Chunk system is using population gen parallelism: true
[02:02:12] [Server thread/INFO]: Default game type: SURVIVAL
[02:02:12] [Server thread/INFO]: Generating keypair
[02:02:12] [Server thread/INFO]: Starting Minecraft server on *:25565
[02:02:12] [Server thread/INFO]: Using epoll channel type
[02:02:12] [Server thread/INFO]: Paper: Using libdeflate (Linux x86_64) compression from Velocity.
[02:02:12] [Server thread/INFO]: Paper: Using OpenSSL 1.1.x (Linux x86_64) cipher from Velocity.
[02:02:13] [Server thread/INFO]: [SinglePlayerSleep] Loading server plugin SinglePlayerSleep v1.16_2.13.53
[02:02:13] [Server thread/INFO]: [ItemJoin] Loading server plugin ItemJoin v6.1.1-RELEASE-b1048
[02:02:13] [Server thread/INFO]: [DeadChest] Loading server plugin DeadChest v4.21.1
[02:02:13] [Server thread/INFO]: [DeadChest] Worldguard support disabled by user
[02:02:13] [Server thread/INFO]: Server permissions file permissions.yml is empty, ignoring it
[02:02:13] [Server thread/INFO]: [ItemJoin] Enabling ItemJoin v6.1.1-RELEASE-b1048
[02:02:13] [Server thread/WARN]: **** SERVER IS RUNNING IN OFFLINE/INSECURE MODE!
[02:02:13] [Server thread/WARN]: The server will make no attempt to authenticate usernames. Beware.
[02:02:13] [Server thread/WARN]: While this makes the game possible to play without internet access, it also opens up the ability for hackers to connect with any username they choose.
[02:02:13] [Server thread/WARN]: To change this, set "online-mode" to "true" in the server.properties file.
[02:02:13] [Server thread/INFO]: Preparing level "world"
[02:02:13] [Server thread/INFO]: Preparing start region for dimension minecraft:overworld
[02:02:14] [Server thread/INFO]: Preparing spawn area: 0%
[02:02:14] [Server thread/INFO]: Preparing spawn area: 0%
[02:02:14] [Server thread/INFO]: Time elapsed: 726 ms
[02:02:14] [Server thread/INFO]: Preparing start region for dimension minecraft:the_nether
[02:02:14] [Server thread/INFO]: Preparing spawn area: 0%
[02:02:14] [Server thread/INFO]: Time elapsed: 248 ms
[02:02:14] [Server thread/INFO]: Preparing start region for dimension minecraft:the_end
[02:02:14] [Server thread/INFO]: Preparing spawn area: 0%
[02:02:14] [Server thread/INFO]: Time elapsed: 115 ms
[02:02:14] [Server thread/INFO]: [SinglePlayerSleep] Enabling SinglePlayerSleep v1.16_2.13.53
[02:02:15] [Server thread/INFO]: [SinglePlayerSleep] **************************************
[02:02:15] [Server thread/INFO]: [SinglePlayerSleep] v1.16_2.13.53 Loading...
[02:02:15] [Server thread/INFO]: [SinglePlayerSleep] Jar Filename: SinglePlayerSleep-1.16_2.13.53.jar
[02:02:15] [Server thread/INFO]: [SinglePlayerSleep] Server Version: 1.21.3-63-4190ee7 (MC: 1.21.3)
[02:02:15] [Server thread/INFO]: [SinglePlayerSleep] [Warning] Version 1.21.3 has not yet been tested! Proceed with caution.
[02:02:15] [Server thread/INFO]: [SinglePlayerSleep] Loading file version checker...
[02:02:15] [Server thread/INFO]: [SinglePlayerSleep] Loading config file...
[02:02:15] [Server thread/INFO]: [SinglePlayerSleep] Loading messages file...
[02:02:15] [Server thread/INFO]: [SinglePlayerSleep] Loading config.yml...
[02:02:15] [Server thread/INFO]: [SinglePlayerSleep] Loading messages.yml...
[02:02:15] [Server thread/INFO]: [SinglePlayerSleep] Checking for updates...
[02:02:15] [Server thread/INFO]: [SinglePlayerSleep] *!*!*!*!*!*!*!*!*!*!*!*!*!*!*!*!*!*!*!*!*!*!*!*!*!*!*!*
[02:02:15] [Server thread/INFO]: [SinglePlayerSleep] * Version is up to date!
[02:02:15] [Server thread/INFO]: [SinglePlayerSleep] * Donate: https://ko-fi.com/joelgodofwar
[02:02:15] [Server thread/INFO]: [SinglePlayerSleep] *!*!*!*!*!*!*!*!*!*!*!*!*!*!*!*!*!*!*!*!*!*!*!*!*!*!*!*
[02:02:15] [Server thread/INFO]: [SinglePlayerSleep] plugins/SinglePlayerSleep/permissions.yml
[02:02:15] [Server thread/INFO]: [SinglePlayerSleep]  v1.16_2.13.53 is ENABLED - Loading took 507 ms.
[02:02:15] [Server thread/INFO]: [DeadChest] Enabling DeadChest v4.21.1
[02:02:15] [Server thread/INFO]: Environment: Environment[sessionHost=https://sessionserver.mojang.com, servicesHost=https://api.minecraftservices.com, name=PROD]
[02:02:15] [Server thread/INFO]: [spark] Starting background profiler...
[02:02:16] [Server thread/INFO]: Done preparing level "world" (2.490s)
[02:02:16] [Server thread/INFO]: Running delayed init tasks
[02:02:16] [Server thread/INFO]: [ItemJoin] 1/1 Custom item(s) loaded!
[02:02:16] [Server thread/INFO]: Done (16.200s)! For help, type "help"
[02:02:16] [Craft Scheduler Thread - 2 - ItemJoin/INFO]: [ItemJoin] Checking for updates...
[02:02:16] [Craft Scheduler Thread - 2 - ItemJoin/INFO]: [ItemJoin] You are up to date!
[02:02:24] [User Authenticator #0/INFO]: UUID of player CoedrixD is e9d61e70-8027-39f0-8718-2a882872f0a2
[02:02:26] [Server thread/INFO]: CoedrixD joined the game
[02:02:26] [Server thread/INFO]: CoedrixD[/127.167.61.252:59389] logged in with entity id 27 at ([world]-2.5045748938952053, 61.0, 0.2565371685715316)
[02:02:28] [User Authenticator #0/INFO]: UUID of player DragoZzz is 6d7d8822-708d-3e44-8e6c-1ed17029f763
[02:02:29] [Server thread/INFO]: DragoZzz joined the game
[02:02:29] [Server thread/INFO]: DragoZzz[/127.110.116.20:51289] logged in with entity id 28 at ([world]2.7914650225486866, 61.0, -6.8751259558429485)
[02:03:29] [Server thread/INFO]: Named entity Zombie['Monster Guard'/53, uuid='28d9b99c-b854-482a-abb7-3b45956d85e1', l='ServerLevel[world]', x=-10.17, y=61.00, z=0.51, cpos=[-1, 0], tl=193, v=true] died: Monster Guard was slain by CoedrixD
[02:03:39] [Server thread/INFO]: Named entity Stray['Monster Guard'/60, uuid='607d7bda-5729-42a0-ae2a-6f4f1b889198', l='ServerLevel[world]', x=-10.24, y=61.00, z=0.50, cpos=[-1, 0], tl=331, v=true] died: Monster Guard was slain by CoedrixD
[02:03:49] [Server thread/INFO]: Named entity Zombie['Monster Guard'/56, uuid='c01256d4-c250-4d3f-9255-9de1365a8537', l='ServerLevel[world]', x=-8.23, y=61.00, z=0.53, cpos=[-1, 0], tl=554, v=true] died: Monster Guard was slain by CoedrixD
[02:04:16] [Server thread/INFO]: DragoZzz issued server command: /e dance
[02:04:21] [Async Chat Thread - #0/INFO]: [Not Secure] <DragoZzz> barra e dance
[02:06:51] [Server thread/INFO]: CoedrixD issued server command: /playsound minecraft:entity.creeper.primed ambient DragoZzz
[02:08:27] [Server thread/INFO]: CoedrixD fell out of the world
[02:08:44] [Async Chat Thread - #1/INFO]: [Not Secure] <CoedrixD> test
[02:08:59] [Server thread/INFO]: DragoZzz was shot by Skeleton
[02:09:03] [Server thread/INFO]: CoedrixD fell out of the world
[02:15:59] [Server thread/INFO]: DragoZzz was shot by Skeleton
[02:16:13] [Async Chat Thread - #4/INFO]: [Not Secure] <DragoZzz> XD
[02:26:30] [Server thread/INFO]: DragoZzz was shot by Stray
[02:28:13] [Server thread/INFO]: CoedrixD has made the advancement [Take Aim]
[02:28:58] [Server thread/INFO]: DragoZzz was blown up by Creeper
[02:30:05] [Server thread/INFO]: DragoZzz has made the advancement [Suit Up]
[02:30:13] [Async Chat Thread - #5/INFO]: [Not Secure] <DragoZzz> gge ya puedo contra el wither
[02:32:23] [Server thread/INFO]: CoedrixD issued server command: /give @s iron_pickaxe
[02:37:17] [User Authenticator #1/INFO]: UUID of player DragoZzz is 6d7d8822-708d-3e44-8e6c-1ed17029f763
[02:37:17] [Server thread/INFO]: DragoZzz lost connection: You logged in from another location
[02:37:17] [Server thread/INFO]: DragoZzz left the game
[02:37:17] [Server thread/INFO]: DragoZzz joined the game
[02:37:17] [Server thread/INFO]: DragoZzz[/127.110.116.20:55689] logged in with entity id 2384 at ([world]0.2135095721063029, 61.0, -3.458030314095174)
[02:39:50] [Server thread/INFO]: DragoZzz was slain by Zombie
[02:42:29] [Server thread/INFO]: CoedrixD has made the advancement [Diamonds!]
[02:47:19] [Async Chat Thread - #7/INFO]: [Not Secure] <CoedrixD> un perriga
[02:47:22] [Async Chat Thread - #7/INFO]: [Not Secure] <CoedrixD> perrigga*
[02:47:32] [User Authenticator #2/INFO]: UUID of player Matt_pkm is 989c23a5-046d-345f-b92f-6b9faa13bd44
[02:47:34] [Server thread/INFO]: Matt_pkm joined the game
[02:47:34] [Server thread/INFO]: Matt_pkm[/127.107.182.5:47847] logged in with entity id 2784 at ([world]8.5, 61.0, -3.5)
[02:47:55] [Server thread/INFO]: Matt_pkm has made the advancement [Monster Hunter]
[02:48:03] [Server thread/INFO]: Matt_pkm fell out of the world
[02:48:04] [Server thread/INFO]: Matt_pkm has made the advancement [Getting an Upgrade]
[02:48:17] [Server thread/INFO]: Matt_pkm has made the advancement [Isn't It Iron Pick]
[02:48:48] [Server thread/INFO]: Matt_pkm has made the advancement [Stone Age]
[02:49:18] [Server thread/INFO]: Matt_pkm was slain by CoedrixD
[02:49:29] [Server thread/INFO]: Matt_pkm was slain by CoedrixD
[02:49:44] [Server thread/INFO]: Matt_pkm was slain by CoedrixD
[02:49:57] [Server thread/INFO]: Matt_pkm was slain by CoedrixD
[02:50:22] [Server thread/INFO]: DragoZzz was slain by Matt_pkm
[02:51:01] [Server thread/INFO]: DragoZzz was slain by Matt_pkm
[02:51:38] [Server thread/INFO]: Matt_pkm was slain by CoedrixD
[02:51:47] [Server thread/INFO]: Matt_pkm was slain by CoedrixD
[02:51:56] [Server thread/INFO]: CoedrixD fell out of the world
[02:52:20] [Server thread/INFO]: DragoZzz was slain by CoedrixD using [Espada eterna]
[02:52:24] [Server thread/INFO]: CoedrixD lost connection: Disconnected
[02:52:24] [Server thread/INFO]: CoedrixD left the game
[02:52:26] [User Authenticator #3/INFO]: UUID of player CoedrixD is e9d61e70-8027-39f0-8718-2a882872f0a2
[02:52:27] [Server thread/INFO]: CoedrixD joined the game
[02:52:27] [Server thread/INFO]: CoedrixD[/127.167.61.252:35325] logged in with entity id 3044 at ([world]2.47886101827193, 61.0, 7.725383040287571)
[02:52:30] [Server thread/INFO]: Matt_pkm was slain by CoedrixD
[02:52:41] [Server thread/INFO]: DragoZzz fell out of the world
[02:52:44] [Server thread/INFO]: Matt_pkm was slain by CoedrixD
[02:52:53] [Server thread/INFO]: CoedrixD fell out of the world
[02:52:57] [Server thread/INFO]: DragoZzz was slain by Matt_pkm using [Espada eterna]
[02:53:07] [Server thread/INFO]: Matt_pkm was slain by DragoZzz using [Espada eterna]
[02:53:08] [Server thread/INFO]: CoedrixD issued server command: /clea
[02:53:10] [Server thread/INFO]: CoedrixD fell out of the world
[02:53:18] [Server thread/INFO]: Matt_pkm was slain by CoedrixD using [Espada eterna]
[02:53:22] [Server thread/INFO]: DragoZzz was slain by CoedrixD using [Espada eterna]
[02:53:37] [Server thread/INFO]: Matt_pkm fell out of the world
[02:53:38] [Server thread/INFO]: DragoZzz was slain by CoedrixD using [Espada eterna]
[02:54:01] [Server thread/INFO]: DragoZzz was blown up by Creeper
[02:54:11] [Server thread/INFO]: Matt_pkm was slain by Wolf
[02:54:22] [Server thread/INFO]: CoedrixD was shot by Skeleton
[02:54:27] [Server thread/INFO]: Matt_pkm fell out of the world
[02:54:32] [Server thread/INFO]: DragoZzz fell out of the world
[02:54:40] [Server thread/INFO]: Matt_pkm was shot by Skeleton
[02:54:49] [Server thread/INFO]: Matt_pkm fell out of the world
[02:55:07] [Server thread/INFO]: DragoZzz was slain by CoedrixD using [Espada eterna]
[02:55:11] [Server thread/INFO]: Matt_pkm fell out of the world
[02:55:19] [Server thread/INFO]: DragoZzz was slain by Wolf
[02:55:22] [Server thread/INFO]: CoedrixD was slain by Matt_pkm using [Espada eterna]
[02:55:22] [Server thread/INFO]: Matt_pkm was slain by Wolf
[02:55:36] [Server thread/INFO]: CoedrixD was slain by Matt_pkm using [Espada eterna]
[02:55:38] [Server thread/INFO]: Matt_pkm was slain by DragoZzz using [Espada eterna]
[02:55:44] [Server thread/INFO]: DragoZzz was slain by Wolf
[02:55:47] [Server thread/INFO]: Matt_pkm was slain by Wolf
[02:55:52] [Server thread/INFO]: CoedrixD issued server command: /backup
[02:55:57] [Server thread/INFO]: CoedrixD was slain by Matt_pkm using [Espada eterna]
[02:56:01] [Server thread/INFO]: Matt_pkm was slain by DragoZzz using [Espada eterna]
[02:56:08] [Server thread/INFO]: Matt_pkm was slain by Wolf
[02:56:29] [Server thread/INFO]: CoedrixD was slain by Matt_pkm using [Espada eterna]
[02:56:35] [Server thread/INFO]: Matt_pkm was slain by CoedrixD using [Espada eterna]
[02:56:37] [Server thread/INFO]: DragoZzz was slain by CoedrixD using [Espada eterna]
[02:56:50] [Server thread/INFO]: DragoZzz was slain by CoedrixD using [Espada eterna]
[02:56:58] [Server thread/INFO]: Matt_pkm didn't want to live in the same world as CoedrixD
[02:57:03] [Server thread/INFO]: DragoZzz was slain by CoedrixD using [Espada eterna]
[02:57:09] [Server thread/INFO]: Matt_pkm was slain by CoedrixD using [Espada eterna]
[02:57:15] [Server thread/INFO]: CoedrixD was slain by Matt_pkm using [Espada eterna]
[02:57:19] [Server thread/INFO]: DragoZzz was slain by Matt_pkm using [Espada eterna]
[02:57:23] [Server thread/INFO]: Matt_pkm was slain by CoedrixD using [Espada eterna]
[02:57:31] [Server thread/INFO]: DragoZzz was slain by CoedrixD using [Espada eterna]
[02:57:33] [Server thread/INFO]: CoedrixD was slain by Matt_pkm using [Espada eterna]
[02:57:43] [Server thread/INFO]: Matt_pkm was slain by CoedrixD using [Espada eterna]
[02:57:48] [Server thread/INFO]: CoedrixD was slain by DragoZzz using [Espada eterna]
[02:57:51] [Server thread/INFO]: DragoZzz was slain by Matt_pkm using [Espada eterna]
[02:57:57] [Server thread/INFO]: CoedrixD was slain by Matt_pkm using [Espada eterna]
[02:58:08] [Server thread/INFO]: DragoZzz was slain by Matt_pkm using [Espada eterna]
[02:58:11] [Server thread/INFO]: Matt_pkm was slain by CoedrixD using [Espada eterna]
[02:58:25] [Server thread/INFO]: CoedrixD was slain by Wolf
[02:58:28] [Server thread/INFO]: DragoZzz was slain by Matt_pkm using [Espada eterna]
[02:58:35] [Server thread/INFO]: Matt_pkm was slain by CoedrixD using [Espada eterna]
[02:58:41] [Server thread/INFO]: CoedrixD was slain by DragoZzz using [Espada eterna]
[02:58:46] [Server thread/INFO]: DragoZzz was slain by Matt_pkm using [Espada eterna]
[02:58:52] [Server thread/INFO]: Matt_pkm was slain by DragoZzz using [Espada eterna]
[02:58:57] [Server thread/INFO]: CoedrixD was slain by Matt_pkm using [Espada eterna]
[02:59:02] [Server thread/INFO]: DragoZzz was slain by Matt_pkm using [Espada eterna]
[02:59:08] [Server thread/INFO]: Matt_pkm didn't want to live in the same world as CoedrixD
[02:59:12] [Server thread/INFO]: DragoZzz was slain by CoedrixD using [Espada eterna]
[02:59:17] [Server thread/INFO]: CoedrixD was slain by Matt_pkm using [Espada eterna]
[02:59:22] [Server thread/INFO]: Matt_pkm was slain by CoedrixD using [Espada eterna]
[02:59:23] [Server thread/INFO]: DragoZzz was slain by CoedrixD using [Espada eterna]
[02:59:41] [Server thread/INFO]: Matt_pkm was slain by CoedrixD using [Espada eterna]
[02:59:47] [Server thread/INFO]: DragoZzz was slain by CoedrixD using [Espada eterna]
[02:59:58] [Server thread/INFO]: CoedrixD was slain by Matt_pkm using [Espada eterna]
[03:00:09] [Server thread/INFO]: DragoZzz was slain by CoedrixD using [Espada eterna]
[03:00:15] [Server thread/INFO]: Matt_pkm was slain by CoedrixD using [Espada eterna]
[03:00:29] [Server thread/INFO]: DragoZzz fell out of the world
[03:00:39] [Server thread/INFO]: CoedrixD fell out of the world
[03:00:48] [Server thread/INFO]: DragoZzz fell out of the world
[03:00:54] [Server thread/INFO]: Matt_pkm fell out of the world
[03:01:10] [Server thread/INFO]: DragoZzz was slain by Matt_pkm using [Espada eterna]
[03:01:18] [Server thread/INFO]: Matt_pkm was slain by CoedrixD using [Espada eterna]
[03:01:34] [Server thread/INFO]: CoedrixD fell out of the world
[03:01:40] [User Authenticator #4/INFO]: UUID of player DragoZzz is 6d7d8822-708d-3e44-8e6c-1ed17029f763
[03:01:40] [Server thread/INFO]: DragoZzz lost connection: You logged in from another location
[03:01:40] [Server thread/INFO]: DragoZzz left the game
[03:01:41] [Server thread/INFO]: DragoZzz joined the game
[03:01:41] [Server thread/INFO]: DragoZzz[/127.110.116.20:54917] logged in with entity id 3309 at ([world]-22.21557207944106, 61.0, 0.24675041607995152)
[03:01:52] [Server thread/INFO]: DragoZzz was slain by Matt_pkm using [Espada eterna]
[03:01:58] [Server thread/INFO]: Matt_pkm was slain by CoedrixD using [Espada eterna]
